#! /usr/bin/vvp
:ivl_version "0.9.7 " "(v0_9_7)";
:vpi_time_precision + 0;
:vpi_module "system";
:vpi_module "v2005_math";
:vpi_module "va_math";
S_0x2075bb0 .scope module, "test" "test" 2 1;
 .timescale 0 0;
v0x20851a0_0 .net "a", 0 0, v0x203f690_0; 1 drivers
v0x2085270_0 .net "b", 0 0, v0x2084fb0_0; 1 drivers
v0x2085320_0 .var "in", 0 0;
v0x20853d0_0 .var "sel", 0 0;
S_0x2075ca0 .scope module, "g" "gate_dmux" 2 13, 3 1, S_0x2075bb0;
 .timescale 0 0;
v0x203f690_0 .var "a", 0 0;
v0x2084fb0_0 .var "b", 0 0;
v0x2085050_0 .net "in", 0 0, v0x2085320_0; 1 drivers
v0x20850f0_0 .net "sel", 0 0, v0x20853d0_0; 1 drivers
E_0x2076c90 .event edge, v0x20850f0_0, v0x2085050_0;
    .scope S_0x2075ca0;
T_0 ;
    %wait E_0x2076c90;
    %load/v 8, v0x20850f0_0, 1;
    %mov 9, 0, 1;
    %cmpi/u 8, 0, 2;
    %jmp/0xz  T_0.0, 4;
    %mov 8, 0, 1;
    %load/v 9, v0x2085050_0, 1;
    %ix/load 0, 1, 0;
    %assign/v0 v0x2084fb0_0, 0, 8;
    %ix/load 0, 1, 0;
    %assign/v0 v0x203f690_0, 0, 9;
    %jmp T_0.1;
T_0.0 ;
    %load/v 8, v0x2085050_0, 1;
    %mov 9, 0, 1;
    %ix/load 0, 1, 0;
    %assign/v0 v0x2084fb0_0, 0, 8;
    %ix/load 0, 1, 0;
    %assign/v0 v0x203f690_0, 0, 9;
T_0.1 ;
    %jmp T_0;
    .thread T_0, $push;
    .scope S_0x2075bb0;
T_1 ;
    %delay 10, 0;
    %set/v v0x2085320_0, 0, 1;
    %set/v v0x20853d0_0, 0, 1;
    %delay 10, 0;
    %set/v v0x2085320_0, 0, 1;
    %set/v v0x20853d0_0, 1, 1;
    %delay 10, 0;
    %set/v v0x2085320_0, 1, 1;
    %set/v v0x20853d0_0, 0, 1;
    %delay 10, 0;
    %set/v v0x2085320_0, 1, 1;
    %set/v v0x20853d0_0, 1, 1;
    %end;
    .thread T_1;
    .scope S_0x2075bb0;
T_2 ;
    %vpi_call 2 17 "$monitor", "At time %t, in = %d, sel = %d, a = %d, b = %d", $time, v0x2085320_0, v0x20853d0_0, v0x20851a0_0, v0x2085270_0;
    %end;
    .thread T_2;
# The file index is used to find the file name in the following table.
:file_names 4;
    "N/A";
    "<interactive>";
    "gate_dmux_tb.v";
    "dmux.v";
